c:\users\a\desktop\gui-main\source\debug\vc143.pdb
c:\users\a\desktop\gui-main\source\debug\vc143.idb
c:\users\a\desktop\gui-main\source\debug\main.obj
c:\users\a\desktop\gui-main\source\debug\base64.obj
c:\users\a\desktop\gui-main\source\debug\imgui_widgets.obj
c:\users\a\desktop\gui-main\source\debug\imgui_tables.obj
c:\users\a\desktop\gui-main\source\debug\imgui_impl_win32.obj
c:\users\a\desktop\gui-main\source\debug\imgui_impl_dx9.obj
c:\users\a\desktop\gui-main\source\debug\imgui_draw.obj
c:\users\a\desktop\gui-main\source\debug\imgui_demo.obj
c:\users\a\desktop\gui-main\source\debug\imgui.obj
c:\users\a\desktop\gui-main\source\debug\ui.obj
c:\users\a\desktop\gui-main\source\debug\gui.ilk
c:\users\a\desktop\gui-main\debug\gui.pdb
c:\users\a\desktop\gui-main\source\debug\gui.tlog\cl.command.1.tlog
c:\users\a\desktop\gui-main\source\debug\gui.tlog\cl.items.tlog
c:\users\a\desktop\gui-main\source\debug\gui.tlog\cl.read.1.tlog
c:\users\a\desktop\gui-main\source\debug\gui.tlog\cl.write.1.tlog
c:\users\a\desktop\gui-main\source\debug\gui.tlog\link-cvtres.read.1.tlog
c:\users\a\desktop\gui-main\source\debug\gui.tlog\link-cvtres.write.1.tlog
c:\users\a\desktop\gui-main\source\debug\gui.tlog\link-rc.read.1.tlog
c:\users\a\desktop\gui-main\source\debug\gui.tlog\link-rc.write.1.tlog
c:\users\a\desktop\gui-main\source\debug\gui.tlog\link.19436-cvtres.read.1.tlog
c:\users\a\desktop\gui-main\source\debug\gui.tlog\link.19436-cvtres.write.1.tlog
c:\users\a\desktop\gui-main\source\debug\gui.tlog\link.19436-rc.read.1.tlog
c:\users\a\desktop\gui-main\source\debug\gui.tlog\link.19436-rc.write.1.tlog
c:\users\a\desktop\gui-main\source\debug\gui.tlog\link.19436.read.1.tlog
c:\users\a\desktop\gui-main\source\debug\gui.tlog\link.19436.write.1.tlog
c:\users\a\desktop\gui-main\source\debug\gui.tlog\link.command.1.tlog
c:\users\a\desktop\gui-main\source\debug\gui.tlog\link.read.1.tlog
c:\users\a\desktop\gui-main\source\debug\gui.tlog\link.secondary.1.tlog
c:\users\a\desktop\gui-main\source\debug\gui.tlog\link.write.1.tlog
